beagle.jar (r1399)
Copyright (C) 2014 Brian L. Browning
Enter "java -jar beagle.jar" for a summary of command line arguments.
Start time: 03:22 PM CEST on 23 Apr 2026

Command line: java -Xmx7900m -jar beagle.jar
  gt=Data/Sim_NoGE/SNP_4_NoGE_QC_ACformat.vcf
  out=Outputs/Beagle_phasing/SNP_4_NoGE_PHASED_noPedigree_chr1
  phase-its=20
  impute-its=20
  burnin-its=20
  chrom=1

reference samples: 0
target samples:    256
  singles: 256
  duos:    0
  trios:   0

Window 1 [ 1:45-3182 ]
target markers:    69

Starting burn-in iterations

Window=1 Iteration=1
Time for building model:         0 seconds
Time for sampling (singles):     0 seconds
Singles model
mean edges/level: 10     max edges/level: 16
mean edges/node:  1.924  mean count/edge: 51

Window=1 Iteration=2
Time for building model:         0 seconds
Time for sampling (singles):     0 seconds
Singles model
mean edges/level: 14     max edges/level: 24
mean edges/node:  1.883  mean count/edge: 37

Window=1 Iteration=3
Time for building model:         0 seconds
Time for sampling (singles):     0 seconds
Singles model
mean edges/level: 19     max edges/level: 31
mean edges/node:  1.699  mean count/edge: 27

Window=1 Iteration=4
Time for building model:         0 seconds
Time for sampling (singles):     0 seconds
Singles model
mean edges/level: 26     max edges/level: 50
mean edges/node:  1.533  mean count/edge: 20

Window=1 Iteration=5
Time for building model:         0 seconds
Time for sampling (singles):     0 seconds
Singles model
mean edges/level: 33     max edges/level: 55
mean edges/node:  1.417  mean count/edge: 16

Window=1 Iteration=6
Time for building model:         0 seconds
Time for sampling (singles):     0 seconds
Singles model
mean edges/level: 36     max edges/level: 65
mean edges/node:  1.335  mean count/edge: 14

Window=1 Iteration=7
Time for building model:         0 seconds
Time for sampling (singles):     0 seconds
Singles model
mean edges/level: 43     max edges/level: 70
mean edges/node:  1.246  mean count/edge: 12

Window=1 Iteration=8
Time for building model:         0 seconds
Time for sampling (singles):     0 seconds
Singles model
mean edges/level: 47     max edges/level: 80
mean edges/node:  1.213  mean count/edge: 11

Window=1 Iteration=9
Time for building model:         0 seconds
Time for sampling (singles):     0 seconds
Singles model
mean edges/level: 49     max edges/level: 78
mean edges/node:  1.198  mean count/edge: 10

Window=1 Iteration=10
Time for building model:         0 seconds
Time for sampling (singles):     0 seconds
Singles model
mean edges/level: 48     max edges/level: 83
mean edges/node:  1.174  mean count/edge: 11

Window=1 Iteration=11
Time for building model:         0 seconds
Time for sampling (singles):     0 seconds
Singles model
mean edges/level: 48     max edges/level: 80
mean edges/node:  1.179  mean count/edge: 11

Window=1 Iteration=12
Time for building model:         0 seconds
Time for sampling (singles):     0 seconds
Singles model
mean edges/level: 47     max edges/level: 76
mean edges/node:  1.167  mean count/edge: 11

Window=1 Iteration=13
Time for building model:         0 seconds
Time for sampling (singles):     0 seconds
Singles model
mean edges/level: 49     max edges/level: 77
mean edges/node:  1.189  mean count/edge: 10

Window=1 Iteration=14
Time for building model:         0 seconds
Time for sampling (singles):     0 seconds
Singles model
mean edges/level: 50     max edges/level: 82
mean edges/node:  1.161  mean count/edge: 10

Window=1 Iteration=15
Time for building model:         0 seconds
Time for sampling (singles):     0 seconds
Singles model
mean edges/level: 48     max edges/level: 77
mean edges/node:  1.189  mean count/edge: 11

Window=1 Iteration=16
Time for building model:         0 seconds
Time for sampling (singles):     0 seconds
Singles model
mean edges/level: 48     max edges/level: 80
mean edges/node:  1.176  mean count/edge: 11

Window=1 Iteration=17
Time for building model:         0 seconds
Time for sampling (singles):     0 seconds
Singles model
mean edges/level: 51     max edges/level: 83
mean edges/node:  1.168  mean count/edge: 10

Window=1 Iteration=18
Time for building model:         0 seconds
Time for sampling (singles):     0 seconds
Singles model
mean edges/level: 50     max edges/level: 86
mean edges/node:  1.156  mean count/edge: 10

Window=1 Iteration=19
Time for building model:         0 seconds
Time for sampling (singles):     0 seconds
Singles model
mean edges/level: 50     max edges/level: 82
mean edges/node:  1.173  mean count/edge: 10

Window=1 Iteration=20
Time for building model:         0 seconds
Time for sampling (singles):     0 seconds
Singles model
mean edges/level: 52     max edges/level: 90
mean edges/node:  1.161  mean count/edge: 10

Starting phasing iterations

Window=1 Iteration=21
Time for building model:         0 seconds
Time for sampling (singles):     0 seconds
Singles model
mean edges/level: 51     max edges/level: 82
mean edges/node:  1.173  mean count/edge: 10

Window=1 Iteration=22
Time for building model:         0 seconds
Time for sampling (singles):     0 seconds
Singles model
mean edges/level: 49     max edges/level: 83
mean edges/node:  1.160  mean count/edge: 10

Window=1 Iteration=23
Time for building model:         0 seconds
Time for sampling (singles):     0 seconds
Singles model
mean edges/level: 50     max edges/level: 79
mean edges/node:  1.173  mean count/edge: 10

Window=1 Iteration=24
Time for building model:         0 seconds
Time for sampling (singles):     0 seconds
Singles model
mean edges/level: 53     max edges/level: 92
mean edges/node:  1.147  mean count/edge: 10

Window=1 Iteration=25
Time for building model:         0 seconds
Time for sampling (singles):     0 seconds
Singles model
mean edges/level: 52     max edges/level: 85
mean edges/node:  1.155  mean count/edge: 10

Window=1 Iteration=26
Time for building model:         0 seconds
Time for sampling (singles):     0 seconds
Singles model
mean edges/level: 50     max edges/level: 79
mean edges/node:  1.157  mean count/edge: 10

Window=1 Iteration=27
Time for building model:         0 seconds
Time for sampling (singles):     0 seconds
Singles model
mean edges/level: 54     max edges/level: 86
mean edges/node:  1.157  mean count/edge: 9

Window=1 Iteration=28
Time for building model:         0 seconds
Time for sampling (singles):     0 seconds
Singles model
mean edges/level: 47     max edges/level: 77
mean edges/node:  1.170  mean count/edge: 11

Window=1 Iteration=29
Time for building model:         0 seconds
Time for sampling (singles):     0 seconds
Singles model
mean edges/level: 55     max edges/level: 87
mean edges/node:  1.153  mean count/edge: 9

Window=1 Iteration=30
Time for building model:         0 seconds
Time for sampling (singles):     0 seconds
Singles model
mean edges/level: 51     max edges/level: 85
mean edges/node:  1.160  mean count/edge: 10

Window=1 Iteration=31
Time for building model:         0 seconds
Time for sampling (singles):     0 seconds
Singles model
mean edges/level: 52     max edges/level: 79
mean edges/node:  1.161  mean count/edge: 10

Window=1 Iteration=32
Time for building model:         0 seconds
Time for sampling (singles):     0 seconds
Singles model
mean edges/level: 48     max edges/level: 76
mean edges/node:  1.167  mean count/edge: 11

Window=1 Iteration=33
Time for building model:         0 seconds
Time for sampling (singles):     0 seconds
Singles model
mean edges/level: 51     max edges/level: 79
mean edges/node:  1.176  mean count/edge: 10

Window=1 Iteration=34
Time for building model:         0 seconds
Time for sampling (singles):     0 seconds
Singles model
mean edges/level: 51     max edges/level: 88
mean edges/node:  1.159  mean count/edge: 10

Window=1 Iteration=35
Time for building model:         0 seconds
Time for sampling (singles):     0 seconds
Singles model
mean edges/level: 53     max edges/level: 85
mean edges/node:  1.159  mean count/edge: 10

Window=1 Iteration=36
Time for building model:         0 seconds
Time for sampling (singles):     0 seconds
Singles model
mean edges/level: 53     max edges/level: 84
mean edges/node:  1.147  mean count/edge: 10

Window=1 Iteration=37
Time for building model:         0 seconds
Time for sampling (singles):     0 seconds
Singles model
mean edges/level: 53     max edges/level: 81
mean edges/node:  1.152  mean count/edge: 10

Window=1 Iteration=38
Time for building model:         0 seconds
Time for sampling (singles):     0 seconds
Singles model
mean edges/level: 54     max edges/level: 86
mean edges/node:  1.146  mean count/edge: 9

Window=1 Iteration=39
Time for building model:         0 seconds
Time for sampling (singles):     0 seconds
Singles model
mean edges/level: 53     max edges/level: 82
mean edges/node:  1.149  mean count/edge: 10

Window=1 Iteration=40
Time for building model:         0 seconds
Time for sampling (singles):     0 seconds
Singles model
mean edges/level: 52     max edges/level: 89
mean edges/node:  1.147  mean count/edge: 10

Number of markers:             69
Total time for building model: 1 second
Total time for sampling:       1 second
Total run time:                3 seconds

End time: 03:22 PM CEST on 23 Apr 2026
beagle.jar (r1399) finished
