beagle.jar (r1399)
Copyright (C) 2014 Brian L. Browning
Enter "java -jar beagle.jar" for a summary of command line arguments.
Start time: 03:24 PM CEST on 23 Apr 2026

Command line: java -Xmx7900m -jar beagle.jar
  gt=Data/Sim_WithGE/SNP_4_WithGE_QC_ACformat.vcf
  out=Outputs/Beagle_phasing/SNP_4_WithGE_PHASED_noPedigree_chr15
  phase-its=20
  impute-its=20
  burnin-its=20
  chrom=15

reference samples: 0
target samples:    256
  singles: 256
  duos:    0
  trios:   0

Window 1 [ 15:35-3132 ]
target markers:    73

Starting burn-in iterations

Window=1 Iteration=1
Time for building model:         0 seconds
Time for sampling (singles):     0 seconds
Singles model
mean edges/level: 11     max edges/level: 18
mean edges/node:  1.933  mean count/edge: 47

Window=1 Iteration=2
Time for building model:         0 seconds
Time for sampling (singles):     0 seconds
Singles model
mean edges/level: 16     max edges/level: 25
mean edges/node:  1.876  mean count/edge: 32

Window=1 Iteration=3
Time for building model:         0 seconds
Time for sampling (singles):     0 seconds
Singles model
mean edges/level: 23     max edges/level: 36
mean edges/node:  1.709  mean count/edge: 22

Window=1 Iteration=4
Time for building model:         0 seconds
Time for sampling (singles):     0 seconds
Singles model
mean edges/level: 28     max edges/level: 46
mean edges/node:  1.529  mean count/edge: 18

Window=1 Iteration=5
Time for building model:         0 seconds
Time for sampling (singles):     0 seconds
Singles model
mean edges/level: 35     max edges/level: 66
mean edges/node:  1.407  mean count/edge: 15

Window=1 Iteration=6
Time for building model:         0 seconds
Time for sampling (singles):     0 seconds
Singles model
mean edges/level: 39     max edges/level: 64
mean edges/node:  1.337  mean count/edge: 13

Window=1 Iteration=7
Time for building model:         0 seconds
Time for sampling (singles):     0 seconds
Singles model
mean edges/level: 41     max edges/level: 76
mean edges/node:  1.276  mean count/edge: 12

Window=1 Iteration=8
Time for building model:         0 seconds
Time for sampling (singles):     0 seconds
Singles model
mean edges/level: 43     max edges/level: 73
mean edges/node:  1.270  mean count/edge: 12

Window=1 Iteration=9
Time for building model:         0 seconds
Time for sampling (singles):     0 seconds
Singles model
mean edges/level: 42     max edges/level: 67
mean edges/node:  1.263  mean count/edge: 12

Window=1 Iteration=10
Time for building model:         0 seconds
Time for sampling (singles):     0 seconds
Singles model
mean edges/level: 45     max edges/level: 76
mean edges/node:  1.259  mean count/edge: 11

Window=1 Iteration=11
Time for building model:         0 seconds
Time for sampling (singles):     0 seconds
Singles model
mean edges/level: 45     max edges/level: 74
mean edges/node:  1.228  mean count/edge: 11

Window=1 Iteration=12
Time for building model:         0 seconds
Time for sampling (singles):     0 seconds
Singles model
mean edges/level: 47     max edges/level: 79
mean edges/node:  1.204  mean count/edge: 11

Window=1 Iteration=13
Time for building model:         0 seconds
Time for sampling (singles):     0 seconds
Singles model
mean edges/level: 47     max edges/level: 84
mean edges/node:  1.218  mean count/edge: 11

Window=1 Iteration=14
Time for building model:         0 seconds
Time for sampling (singles):     0 seconds
Singles model
mean edges/level: 47     max edges/level: 79
mean edges/node:  1.207  mean count/edge: 11

Window=1 Iteration=15
Time for building model:         0 seconds
Time for sampling (singles):     0 seconds
Singles model
mean edges/level: 47     max edges/level: 85
mean edges/node:  1.211  mean count/edge: 11

Window=1 Iteration=16
Time for building model:         0 seconds
Time for sampling (singles):     0 seconds
Singles model
mean edges/level: 49     max edges/level: 81
mean edges/node:  1.195  mean count/edge: 10

Window=1 Iteration=17
Time for building model:         0 seconds
Time for sampling (singles):     0 seconds
Singles model
mean edges/level: 48     max edges/level: 81
mean edges/node:  1.193  mean count/edge: 11

Window=1 Iteration=18
Time for building model:         0 seconds
Time for sampling (singles):     0 seconds
Singles model
mean edges/level: 53     max edges/level: 89
mean edges/node:  1.181  mean count/edge: 10

Window=1 Iteration=19
Time for building model:         0 seconds
Time for sampling (singles):     0 seconds
Singles model
mean edges/level: 49     max edges/level: 82
mean edges/node:  1.186  mean count/edge: 10

Window=1 Iteration=20
Time for building model:         0 seconds
Time for sampling (singles):     0 seconds
Singles model
mean edges/level: 51     max edges/level: 85
mean edges/node:  1.185  mean count/edge: 10

Starting phasing iterations

Window=1 Iteration=21
Time for building model:         0 seconds
Time for sampling (singles):     0 seconds
Singles model
mean edges/level: 47     max edges/level: 81
mean edges/node:  1.194  mean count/edge: 11

Window=1 Iteration=22
Time for building model:         0 seconds
Time for sampling (singles):     0 seconds
Singles model
mean edges/level: 51     max edges/level: 89
mean edges/node:  1.192  mean count/edge: 10

Window=1 Iteration=23
Time for building model:         0 seconds
Time for sampling (singles):     0 seconds
Singles model
mean edges/level: 49     max edges/level: 84
mean edges/node:  1.192  mean count/edge: 10

Window=1 Iteration=24
Time for building model:         0 seconds
Time for sampling (singles):     0 seconds
Singles model
mean edges/level: 52     max edges/level: 89
mean edges/node:  1.174  mean count/edge: 10

Window=1 Iteration=25
Time for building model:         0 seconds
Time for sampling (singles):     0 seconds
Singles model
mean edges/level: 50     max edges/level: 88
mean edges/node:  1.182  mean count/edge: 10

Window=1 Iteration=26
Time for building model:         0 seconds
Time for sampling (singles):     0 seconds
Singles model
mean edges/level: 51     max edges/level: 83
mean edges/node:  1.176  mean count/edge: 10

Window=1 Iteration=27
Time for building model:         0 seconds
Time for sampling (singles):     0 seconds
Singles model
mean edges/level: 49     max edges/level: 91
mean edges/node:  1.177  mean count/edge: 10

Window=1 Iteration=28
Time for building model:         0 seconds
Time for sampling (singles):     0 seconds
Singles model
mean edges/level: 51     max edges/level: 84
mean edges/node:  1.186  mean count/edge: 10

Window=1 Iteration=29
Time for building model:         0 seconds
Time for sampling (singles):     0 seconds
Singles model
mean edges/level: 50     max edges/level: 89
mean edges/node:  1.188  mean count/edge: 10

Window=1 Iteration=30
Time for building model:         0 seconds
Time for sampling (singles):     0 seconds
Singles model
mean edges/level: 52     max edges/level: 85
mean edges/node:  1.172  mean count/edge: 10

Window=1 Iteration=31
Time for building model:         0 seconds
Time for sampling (singles):     0 seconds
Singles model
mean edges/level: 49     max edges/level: 89
mean edges/node:  1.173  mean count/edge: 10

Window=1 Iteration=32
Time for building model:         0 seconds
Time for sampling (singles):     0 seconds
Singles model
mean edges/level: 51     max edges/level: 88
mean edges/node:  1.179  mean count/edge: 10

Window=1 Iteration=33
Time for building model:         0 seconds
Time for sampling (singles):     0 seconds
Singles model
mean edges/level: 50     max edges/level: 89
mean edges/node:  1.172  mean count/edge: 10

Window=1 Iteration=34
Time for building model:         0 seconds
Time for sampling (singles):     0 seconds
Singles model
mean edges/level: 52     max edges/level: 90
mean edges/node:  1.164  mean count/edge: 10

Window=1 Iteration=35
Time for building model:         0 seconds
Time for sampling (singles):     0 seconds
Singles model
mean edges/level: 53     max edges/level: 89
mean edges/node:  1.158  mean count/edge: 10

Window=1 Iteration=36
Time for building model:         0 seconds
Time for sampling (singles):     0 seconds
Singles model
mean edges/level: 50     max edges/level: 84
mean edges/node:  1.176  mean count/edge: 10

Window=1 Iteration=37
Time for building model:         0 seconds
Time for sampling (singles):     0 seconds
Singles model
mean edges/level: 53     max edges/level: 91
mean edges/node:  1.158  mean count/edge: 10

Window=1 Iteration=38
Time for building model:         0 seconds
Time for sampling (singles):     0 seconds
Singles model
mean edges/level: 52     max edges/level: 88
mean edges/node:  1.162  mean count/edge: 10

Window=1 Iteration=39
Time for building model:         0 seconds
Time for sampling (singles):     0 seconds
Singles model
mean edges/level: 53     max edges/level: 94
mean edges/node:  1.170  mean count/edge: 10

Window=1 Iteration=40
Time for building model:         0 seconds
Time for sampling (singles):     0 seconds
Singles model
mean edges/level: 53     max edges/level: 91
mean edges/node:  1.161  mean count/edge: 10

Number of markers:             73
Total time for building model: 1 second
Total time for sampling:       2 seconds
Total run time:                3 seconds

End time: 03:24 PM CEST on 23 Apr 2026
beagle.jar (r1399) finished
