beagle.jar (r1399)
Copyright (C) 2014 Brian L. Browning
Enter "java -jar beagle.jar" for a summary of command line arguments.
Start time: 03:23 PM CEST on 23 Apr 2026

Command line: java -Xmx7900m -jar beagle.jar
  gt=Data/Sim_NoGE/SNP_4_NoGE_QC_ACformat.vcf
  out=Outputs/Beagle_phasing/SNP_4_NoGE_PHASED_noPedigree_chr10
  phase-its=20
  impute-its=20
  burnin-its=20
  chrom=10

reference samples: 0
target samples:    256
  singles: 256
  duos:    0
  trios:   0

Window 1 [ 10:6-3113 ]
target markers:    62

Starting burn-in iterations

Window=1 Iteration=1
Time for building model:         0 seconds
Time for sampling (singles):     0 seconds
Singles model
mean edges/level: 9      max edges/level: 14
mean edges/node:  1.923  mean count/edge: 57

Window=1 Iteration=2
Time for building model:         0 seconds
Time for sampling (singles):     0 seconds
Singles model
mean edges/level: 14     max edges/level: 24
mean edges/node:  1.873  mean count/edge: 37

Window=1 Iteration=3
Time for building model:         0 seconds
Time for sampling (singles):     0 seconds
Singles model
mean edges/level: 18     max edges/level: 32
mean edges/node:  1.795  mean count/edge: 28

Window=1 Iteration=4
Time for building model:         0 seconds
Time for sampling (singles):     0 seconds
Singles model
mean edges/level: 23     max edges/level: 44
mean edges/node:  1.612  mean count/edge: 22

Window=1 Iteration=5
Time for building model:         0 seconds
Time for sampling (singles):     0 seconds
Singles model
mean edges/level: 29     max edges/level: 51
mean edges/node:  1.529  mean count/edge: 18

Window=1 Iteration=6
Time for building model:         0 seconds
Time for sampling (singles):     0 seconds
Singles model
mean edges/level: 33     max edges/level: 58
mean edges/node:  1.426  mean count/edge: 16

Window=1 Iteration=7
Time for building model:         0 seconds
Time for sampling (singles):     0 seconds
Singles model
mean edges/level: 37     max edges/level: 66
mean edges/node:  1.360  mean count/edge: 14

Window=1 Iteration=8
Time for building model:         0 seconds
Time for sampling (singles):     0 seconds
Singles model
mean edges/level: 37     max edges/level: 64
mean edges/node:  1.321  mean count/edge: 14

Window=1 Iteration=9
Time for building model:         0 seconds
Time for sampling (singles):     0 seconds
Singles model
mean edges/level: 39     max edges/level: 68
mean edges/node:  1.319  mean count/edge: 13

Window=1 Iteration=10
Time for building model:         0 seconds
Time for sampling (singles):     0 seconds
Singles model
mean edges/level: 39     max edges/level: 71
mean edges/node:  1.289  mean count/edge: 13

Window=1 Iteration=11
Time for building model:         0 seconds
Time for sampling (singles):     0 seconds
Singles model
mean edges/level: 42     max edges/level: 68
mean edges/node:  1.263  mean count/edge: 12

Window=1 Iteration=12
Time for building model:         0 seconds
Time for sampling (singles):     0 seconds
Singles model
mean edges/level: 39     max edges/level: 67
mean edges/node:  1.299  mean count/edge: 13

Window=1 Iteration=13
Time for building model:         0 seconds
Time for sampling (singles):     0 seconds
Singles model
mean edges/level: 40     max edges/level: 75
mean edges/node:  1.266  mean count/edge: 13

Window=1 Iteration=14
Time for building model:         0 seconds
Time for sampling (singles):     0 seconds
Singles model
mean edges/level: 42     max edges/level: 75
mean edges/node:  1.265  mean count/edge: 12

Window=1 Iteration=15
Time for building model:         0 seconds
Time for sampling (singles):     0 seconds
Singles model
mean edges/level: 41     max edges/level: 73
mean edges/node:  1.266  mean count/edge: 12

Window=1 Iteration=16
Time for building model:         0 seconds
Time for sampling (singles):     0 seconds
Singles model
mean edges/level: 43     max edges/level: 79
mean edges/node:  1.251  mean count/edge: 12

Window=1 Iteration=17
Time for building model:         0 seconds
Time for sampling (singles):     0 seconds
Singles model
mean edges/level: 42     max edges/level: 74
mean edges/node:  1.243  mean count/edge: 12

Window=1 Iteration=18
Time for building model:         0 seconds
Time for sampling (singles):     0 seconds
Singles model
mean edges/level: 41     max edges/level: 71
mean edges/node:  1.246  mean count/edge: 12

Window=1 Iteration=19
Time for building model:         0 seconds
Time for sampling (singles):     0 seconds
Singles model
mean edges/level: 42     max edges/level: 72
mean edges/node:  1.250  mean count/edge: 12

Window=1 Iteration=20
Time for building model:         0 seconds
Time for sampling (singles):     0 seconds
Singles model
mean edges/level: 43     max edges/level: 74
mean edges/node:  1.258  mean count/edge: 12

Starting phasing iterations

Window=1 Iteration=21
Time for building model:         0 seconds
Time for sampling (singles):     0 seconds
Singles model
mean edges/level: 43     max edges/level: 75
mean edges/node:  1.256  mean count/edge: 12

Window=1 Iteration=22
Time for building model:         0 seconds
Time for sampling (singles):     0 seconds
Singles model
mean edges/level: 42     max edges/level: 76
mean edges/node:  1.263  mean count/edge: 12

Window=1 Iteration=23
Time for building model:         0 seconds
Time for sampling (singles):     0 seconds
Singles model
mean edges/level: 44     max edges/level: 80
mean edges/node:  1.228  mean count/edge: 12

Window=1 Iteration=24
Time for building model:         0 seconds
Time for sampling (singles):     0 seconds
Singles model
mean edges/level: 43     max edges/level: 74
mean edges/node:  1.242  mean count/edge: 12

Window=1 Iteration=25
Time for building model:         0 seconds
Time for sampling (singles):     0 seconds
Singles model
mean edges/level: 43     max edges/level: 78
mean edges/node:  1.243  mean count/edge: 12

Window=1 Iteration=26
Time for building model:         0 seconds
Time for sampling (singles):     0 seconds
Singles model
mean edges/level: 43     max edges/level: 77
mean edges/node:  1.254  mean count/edge: 12

Window=1 Iteration=27
Time for building model:         0 seconds
Time for sampling (singles):     0 seconds
Singles model
mean edges/level: 43     max edges/level: 72
mean edges/node:  1.258  mean count/edge: 12

Window=1 Iteration=28
Time for building model:         0 seconds
Time for sampling (singles):     0 seconds
Singles model
mean edges/level: 45     max edges/level: 75
mean edges/node:  1.243  mean count/edge: 11

Window=1 Iteration=29
Time for building model:         0 seconds
Time for sampling (singles):     0 seconds
Singles model
mean edges/level: 45     max edges/level: 83
mean edges/node:  1.236  mean count/edge: 11

Window=1 Iteration=30
Time for building model:         0 seconds
Time for sampling (singles):     0 seconds
Singles model
mean edges/level: 43     max edges/level: 77
mean edges/node:  1.263  mean count/edge: 12

Window=1 Iteration=31
Time for building model:         0 seconds
Time for sampling (singles):     0 seconds
Singles model
mean edges/level: 43     max edges/level: 73
mean edges/node:  1.248  mean count/edge: 12

Window=1 Iteration=32
Time for building model:         0 seconds
Time for sampling (singles):     0 seconds
Singles model
mean edges/level: 43     max edges/level: 76
mean edges/node:  1.234  mean count/edge: 12

Window=1 Iteration=33
Time for building model:         0 seconds
Time for sampling (singles):     0 seconds
Singles model
mean edges/level: 42     max edges/level: 73
mean edges/node:  1.241  mean count/edge: 12

Window=1 Iteration=34
Time for building model:         0 seconds
Time for sampling (singles):     0 seconds
Singles model
mean edges/level: 42     max edges/level: 74
mean edges/node:  1.245  mean count/edge: 12

Window=1 Iteration=35
Time for building model:         0 seconds
Time for sampling (singles):     0 seconds
Singles model
mean edges/level: 43     max edges/level: 75
mean edges/node:  1.229  mean count/edge: 12

Window=1 Iteration=36
Time for building model:         0 seconds
Time for sampling (singles):     0 seconds
Singles model
mean edges/level: 44     max edges/level: 74
mean edges/node:  1.225  mean count/edge: 12

Window=1 Iteration=37
Time for building model:         0 seconds
Time for sampling (singles):     0 seconds
Singles model
mean edges/level: 42     max edges/level: 77
mean edges/node:  1.236  mean count/edge: 12

Window=1 Iteration=38
Time for building model:         0 seconds
Time for sampling (singles):     0 seconds
Singles model
mean edges/level: 41     max edges/level: 75
mean edges/node:  1.243  mean count/edge: 12

Window=1 Iteration=39
Time for building model:         0 seconds
Time for sampling (singles):     0 seconds
Singles model
mean edges/level: 42     max edges/level: 74
mean edges/node:  1.246  mean count/edge: 12

Window=1 Iteration=40
Time for building model:         0 seconds
Time for sampling (singles):     0 seconds
Singles model
mean edges/level: 44     max edges/level: 77
mean edges/node:  1.242  mean count/edge: 12

Number of markers:             62
Total time for building model: 1 second
Total time for sampling:       2 seconds
Total run time:                3 seconds

End time: 03:23 PM CEST on 23 Apr 2026
beagle.jar (r1399) finished
