beagle.jar (r1399)
Copyright (C) 2014 Brian L. Browning
Enter "java -jar beagle.jar" for a summary of command line arguments.
Start time: 03:23 PM CEST on 23 Apr 2026

Command line: java -Xmx7900m -jar beagle.jar
  gt=Data/Sim_WithGE/SNP_4_WithGE_QC_ACformat.vcf
  out=Outputs/Beagle_phasing/SNP_4_WithGE_PHASED_noPedigree_chr14
  phase-its=20
  impute-its=20
  burnin-its=20
  chrom=14

reference samples: 0
target samples:    256
  singles: 256
  duos:    0
  trios:   0

Window 1 [ 14:163-3193 ]
target markers:    69

Starting burn-in iterations

Window=1 Iteration=1
Time for building model:         0 seconds
Time for sampling (singles):     0 seconds
Singles model
mean edges/level: 10     max edges/level: 16
mean edges/node:  1.927  mean count/edge: 51

Window=1 Iteration=2
Time for building model:         0 seconds
Time for sampling (singles):     0 seconds
Singles model
mean edges/level: 13     max edges/level: 22
mean edges/node:  1.891  mean count/edge: 39

Window=1 Iteration=3
Time for building model:         0 seconds
Time for sampling (singles):     0 seconds
Singles model
mean edges/level: 18     max edges/level: 37
mean edges/node:  1.729  mean count/edge: 28

Window=1 Iteration=4
Time for building model:         0 seconds
Time for sampling (singles):     0 seconds
Singles model
mean edges/level: 24     max edges/level: 41
mean edges/node:  1.549  mean count/edge: 21

Window=1 Iteration=5
Time for building model:         0 seconds
Time for sampling (singles):     0 seconds
Singles model
mean edges/level: 30     max edges/level: 52
mean edges/node:  1.430  mean count/edge: 17

Window=1 Iteration=6
Time for building model:         0 seconds
Time for sampling (singles):     0 seconds
Singles model
mean edges/level: 36     max edges/level: 58
mean edges/node:  1.341  mean count/edge: 14

Window=1 Iteration=7
Time for building model:         0 seconds
Time for sampling (singles):     0 seconds
Singles model
mean edges/level: 38     max edges/level: 67
mean edges/node:  1.325  mean count/edge: 13

Window=1 Iteration=8
Time for building model:         0 seconds
Time for sampling (singles):     0 seconds
Singles model
mean edges/level: 42     max edges/level: 66
mean edges/node:  1.255  mean count/edge: 12

Window=1 Iteration=9
Time for building model:         0 seconds
Time for sampling (singles):     0 seconds
Singles model
mean edges/level: 42     max edges/level: 73
mean edges/node:  1.239  mean count/edge: 12

Window=1 Iteration=10
Time for building model:         0 seconds
Time for sampling (singles):     0 seconds
Singles model
mean edges/level: 48     max edges/level: 85
mean edges/node:  1.195  mean count/edge: 11

Window=1 Iteration=11
Time for building model:         0 seconds
Time for sampling (singles):     0 seconds
Singles model
mean edges/level: 48     max edges/level: 86
mean edges/node:  1.185  mean count/edge: 11

Window=1 Iteration=12
Time for building model:         0 seconds
Time for sampling (singles):     0 seconds
Singles model
mean edges/level: 51     max edges/level: 84
mean edges/node:  1.179  mean count/edge: 10

Window=1 Iteration=13
Time for building model:         0 seconds
Time for sampling (singles):     0 seconds
Singles model
mean edges/level: 48     max edges/level: 87
mean edges/node:  1.183  mean count/edge: 11

Window=1 Iteration=14
Time for building model:         0 seconds
Time for sampling (singles):     0 seconds
Singles model
mean edges/level: 50     max edges/level: 84
mean edges/node:  1.168  mean count/edge: 10

Window=1 Iteration=15
Time for building model:         0 seconds
Time for sampling (singles):     0 seconds
Singles model
mean edges/level: 46     max edges/level: 79
mean edges/node:  1.189  mean count/edge: 11

Window=1 Iteration=16
Time for building model:         0 seconds
Time for sampling (singles):     0 seconds
Singles model
mean edges/level: 52     max edges/level: 91
mean edges/node:  1.159  mean count/edge: 10

Window=1 Iteration=17
Time for building model:         0 seconds
Time for sampling (singles):     0 seconds
Singles model
mean edges/level: 48     max edges/level: 81
mean edges/node:  1.182  mean count/edge: 11

Window=1 Iteration=18
Time for building model:         0 seconds
Time for sampling (singles):     0 seconds
Singles model
mean edges/level: 53     max edges/level: 92
mean edges/node:  1.155  mean count/edge: 10

Window=1 Iteration=19
Time for building model:         0 seconds
Time for sampling (singles):     0 seconds
Singles model
mean edges/level: 49     max edges/level: 82
mean edges/node:  1.157  mean count/edge: 10

Window=1 Iteration=20
Time for building model:         0 seconds
Time for sampling (singles):     0 seconds
Singles model
mean edges/level: 53     max edges/level: 86
mean edges/node:  1.154  mean count/edge: 10

Starting phasing iterations

Window=1 Iteration=21
Time for building model:         0 seconds
Time for sampling (singles):     0 seconds
Singles model
mean edges/level: 52     max edges/level: 94
mean edges/node:  1.145  mean count/edge: 10

Window=1 Iteration=22
Time for building model:         0 seconds
Time for sampling (singles):     0 seconds
Singles model
mean edges/level: 50     max edges/level: 85
mean edges/node:  1.157  mean count/edge: 10

Window=1 Iteration=23
Time for building model:         0 seconds
Time for sampling (singles):     0 seconds
Singles model
mean edges/level: 50     max edges/level: 96
mean edges/node:  1.165  mean count/edge: 10

Window=1 Iteration=24
Time for building model:         0 seconds
Time for sampling (singles):     0 seconds
Singles model
mean edges/level: 49     max edges/level: 83
mean edges/node:  1.175  mean count/edge: 10

Window=1 Iteration=25
Time for building model:         0 seconds
Time for sampling (singles):     0 seconds
Singles model
mean edges/level: 49     max edges/level: 84
mean edges/node:  1.167  mean count/edge: 10

Window=1 Iteration=26
Time for building model:         0 seconds
Time for sampling (singles):     0 seconds
Singles model
mean edges/level: 51     max edges/level: 90
mean edges/node:  1.166  mean count/edge: 10

Window=1 Iteration=27
Time for building model:         0 seconds
Time for sampling (singles):     0 seconds
Singles model
mean edges/level: 49     max edges/level: 95
mean edges/node:  1.167  mean count/edge: 10

Window=1 Iteration=28
Time for building model:         0 seconds
Time for sampling (singles):     0 seconds
Singles model
mean edges/level: 51     max edges/level: 92
mean edges/node:  1.155  mean count/edge: 10

Window=1 Iteration=29
Time for building model:         0 seconds
Time for sampling (singles):     0 seconds
Singles model
mean edges/level: 51     max edges/level: 93
mean edges/node:  1.159  mean count/edge: 10

Window=1 Iteration=30
Time for building model:         0 seconds
Time for sampling (singles):     0 seconds
Singles model
mean edges/level: 51     max edges/level: 92
mean edges/node:  1.160  mean count/edge: 10

Window=1 Iteration=31
Time for building model:         0 seconds
Time for sampling (singles):     0 seconds
Singles model
mean edges/level: 50     max edges/level: 88
mean edges/node:  1.164  mean count/edge: 10

Window=1 Iteration=32
Time for building model:         0 seconds
Time for sampling (singles):     0 seconds
Singles model
mean edges/level: 53     max edges/level: 93
mean edges/node:  1.156  mean count/edge: 10

Window=1 Iteration=33
Time for building model:         0 seconds
Time for sampling (singles):     0 seconds
Singles model
mean edges/level: 50     max edges/level: 86
mean edges/node:  1.150  mean count/edge: 10

Window=1 Iteration=34
Time for building model:         0 seconds
Time for sampling (singles):     0 seconds
Singles model
mean edges/level: 51     max edges/level: 99
mean edges/node:  1.164  mean count/edge: 10

Window=1 Iteration=35
Time for building model:         0 seconds
Time for sampling (singles):     0 seconds
Singles model
mean edges/level: 51     max edges/level: 89
mean edges/node:  1.153  mean count/edge: 10

Window=1 Iteration=36
Time for building model:         0 seconds
Time for sampling (singles):     0 seconds
Singles model
mean edges/level: 53     max edges/level: 96
mean edges/node:  1.159  mean count/edge: 10

Window=1 Iteration=37
Time for building model:         0 seconds
Time for sampling (singles):     0 seconds
Singles model
mean edges/level: 49     max edges/level: 91
mean edges/node:  1.154  mean count/edge: 10

Window=1 Iteration=38
Time for building model:         0 seconds
Time for sampling (singles):     0 seconds
Singles model
mean edges/level: 52     max edges/level: 95
mean edges/node:  1.149  mean count/edge: 10

Window=1 Iteration=39
Time for building model:         0 seconds
Time for sampling (singles):     0 seconds
Singles model
mean edges/level: 52     max edges/level: 85
mean edges/node:  1.147  mean count/edge: 10

Window=1 Iteration=40
Time for building model:         0 seconds
Time for sampling (singles):     0 seconds
Singles model
mean edges/level: 51     max edges/level: 95
mean edges/node:  1.159  mean count/edge: 10

Number of markers:             69
Total time for building model: 1 second
Total time for sampling:       2 seconds
Total run time:                3 seconds

End time: 03:24 PM CEST on 23 Apr 2026
beagle.jar (r1399) finished
