beagle.jar (r1399)
Copyright (C) 2014 Brian L. Browning
Enter "java -jar beagle.jar" for a summary of command line arguments.
Start time: 03:23 PM CEST on 23 Apr 2026

Command line: java -Xmx7900m -jar beagle.jar
  gt=Data/Sim_WithGE/SNP_4_WithGE_QC_ACformat.vcf
  out=Outputs/Beagle_phasing/SNP_4_WithGE_PHASED_noPedigree_chr13
  phase-its=20
  impute-its=20
  burnin-its=20
  chrom=13

reference samples: 0
target samples:    256
  singles: 256
  duos:    0
  trios:   0

Window 1 [ 13:49-3178 ]
target markers:    77

Starting burn-in iterations

Window=1 Iteration=1
Time for building model:         0 seconds
Time for sampling (singles):     0 seconds
Singles model
mean edges/level: 10     max edges/level: 18
mean edges/node:  1.887  mean count/edge: 51

Window=1 Iteration=2
Time for building model:         0 seconds
Time for sampling (singles):     0 seconds
Singles model
mean edges/level: 13     max edges/level: 22
mean edges/node:  1.845  mean count/edge: 39

Window=1 Iteration=3
Time for building model:         0 seconds
Time for sampling (singles):     0 seconds
Singles model
mean edges/level: 17     max edges/level: 33
mean edges/node:  1.668  mean count/edge: 30

Window=1 Iteration=4
Time for building model:         0 seconds
Time for sampling (singles):     0 seconds
Singles model
mean edges/level: 22     max edges/level: 43
mean edges/node:  1.530  mean count/edge: 23

Window=1 Iteration=5
Time for building model:         0 seconds
Time for sampling (singles):     0 seconds
Singles model
mean edges/level: 26     max edges/level: 49
mean edges/node:  1.443  mean count/edge: 20

Window=1 Iteration=6
Time for building model:         0 seconds
Time for sampling (singles):     0 seconds
Singles model
mean edges/level: 28     max edges/level: 53
mean edges/node:  1.365  mean count/edge: 18

Window=1 Iteration=7
Time for building model:         0 seconds
Time for sampling (singles):     0 seconds
Singles model
mean edges/level: 34     max edges/level: 59
mean edges/node:  1.305  mean count/edge: 15

Window=1 Iteration=8
Time for building model:         0 seconds
Time for sampling (singles):     0 seconds
Singles model
mean edges/level: 34     max edges/level: 61
mean edges/node:  1.297  mean count/edge: 15

Window=1 Iteration=9
Time for building model:         0 seconds
Time for sampling (singles):     0 seconds
Singles model
mean edges/level: 38     max edges/level: 64
mean edges/node:  1.254  mean count/edge: 13

Window=1 Iteration=10
Time for building model:         0 seconds
Time for sampling (singles):     0 seconds
Singles model
mean edges/level: 38     max edges/level: 65
mean edges/node:  1.253  mean count/edge: 13

Window=1 Iteration=11
Time for building model:         0 seconds
Time for sampling (singles):     0 seconds
Singles model
mean edges/level: 41     max edges/level: 64
mean edges/node:  1.225  mean count/edge: 12

Window=1 Iteration=12
Time for building model:         0 seconds
Time for sampling (singles):     0 seconds
Singles model
mean edges/level: 38     max edges/level: 67
mean edges/node:  1.243  mean count/edge: 13

Window=1 Iteration=13
Time for building model:         0 seconds
Time for sampling (singles):     0 seconds
Singles model
mean edges/level: 41     max edges/level: 69
mean edges/node:  1.216  mean count/edge: 12

Window=1 Iteration=14
Time for building model:         0 seconds
Time for sampling (singles):     0 seconds
Singles model
mean edges/level: 39     max edges/level: 69
mean edges/node:  1.245  mean count/edge: 13

Window=1 Iteration=15
Time for building model:         0 seconds
Time for sampling (singles):     0 seconds
Singles model
mean edges/level: 41     max edges/level: 68
mean edges/node:  1.212  mean count/edge: 12

Window=1 Iteration=16
Time for building model:         0 seconds
Time for sampling (singles):     0 seconds
Singles model
mean edges/level: 38     max edges/level: 67
mean edges/node:  1.244  mean count/edge: 13

Window=1 Iteration=17
Time for building model:         0 seconds
Time for sampling (singles):     0 seconds
Singles model
mean edges/level: 41     max edges/level: 68
mean edges/node:  1.201  mean count/edge: 12

Window=1 Iteration=18
Time for building model:         0 seconds
Time for sampling (singles):     0 seconds
Singles model
mean edges/level: 39     max edges/level: 67
mean edges/node:  1.233  mean count/edge: 13

Window=1 Iteration=19
Time for building model:         0 seconds
Time for sampling (singles):     0 seconds
Singles model
mean edges/level: 41     max edges/level: 68
mean edges/node:  1.203  mean count/edge: 12

Window=1 Iteration=20
Time for building model:         0 seconds
Time for sampling (singles):     0 seconds
Singles model
mean edges/level: 41     max edges/level: 71
mean edges/node:  1.226  mean count/edge: 12

Starting phasing iterations

Window=1 Iteration=21
Time for building model:         0 seconds
Time for sampling (singles):     0 seconds
Singles model
mean edges/level: 43     max edges/level: 73
mean edges/node:  1.201  mean count/edge: 12

Window=1 Iteration=22
Time for building model:         0 seconds
Time for sampling (singles):     0 seconds
Singles model
mean edges/level: 43     max edges/level: 77
mean edges/node:  1.208  mean count/edge: 12

Window=1 Iteration=23
Time for building model:         0 seconds
Time for sampling (singles):     0 seconds
Singles model
mean edges/level: 43     max edges/level: 69
mean edges/node:  1.192  mean count/edge: 12

Window=1 Iteration=24
Time for building model:         0 seconds
Time for sampling (singles):     0 seconds
Singles model
mean edges/level: 43     max edges/level: 75
mean edges/node:  1.214  mean count/edge: 12

Window=1 Iteration=25
Time for building model:         0 seconds
Time for sampling (singles):     0 seconds
Singles model
mean edges/level: 47     max edges/level: 77
mean edges/node:  1.176  mean count/edge: 11

Window=1 Iteration=26
Time for building model:         0 seconds
Time for sampling (singles):     0 seconds
Singles model
mean edges/level: 41     max edges/level: 68
mean edges/node:  1.217  mean count/edge: 12

Window=1 Iteration=27
Time for building model:         0 seconds
Time for sampling (singles):     0 seconds
Singles model
mean edges/level: 43     max edges/level: 72
mean edges/node:  1.198  mean count/edge: 12

Window=1 Iteration=28
Time for building model:         0 seconds
Time for sampling (singles):     0 seconds
Singles model
mean edges/level: 45     max edges/level: 77
mean edges/node:  1.210  mean count/edge: 11

Window=1 Iteration=29
Time for building model:         0 seconds
Time for sampling (singles):     0 seconds
Singles model
mean edges/level: 44     max edges/level: 70
mean edges/node:  1.200  mean count/edge: 12

Window=1 Iteration=30
Time for building model:         0 seconds
Time for sampling (singles):     0 seconds
Singles model
mean edges/level: 44     max edges/level: 82
mean edges/node:  1.197  mean count/edge: 12

Window=1 Iteration=31
Time for building model:         0 seconds
Time for sampling (singles):     0 seconds
Singles model
mean edges/level: 47     max edges/level: 76
mean edges/node:  1.178  mean count/edge: 11

Window=1 Iteration=32
Time for building model:         0 seconds
Time for sampling (singles):     0 seconds
Singles model
mean edges/level: 46     max edges/level: 78
mean edges/node:  1.196  mean count/edge: 11

Window=1 Iteration=33
Time for building model:         0 seconds
Time for sampling (singles):     0 seconds
Singles model
mean edges/level: 48     max edges/level: 76
mean edges/node:  1.165  mean count/edge: 11

Window=1 Iteration=34
Time for building model:         0 seconds
Time for sampling (singles):     0 seconds
Singles model
mean edges/level: 49     max edges/level: 80
mean edges/node:  1.167  mean count/edge: 10

Window=1 Iteration=35
Time for building model:         0 seconds
Time for sampling (singles):     0 seconds
Singles model
mean edges/level: 50     max edges/level: 81
mean edges/node:  1.166  mean count/edge: 10

Window=1 Iteration=36
Time for building model:         0 seconds
Time for sampling (singles):     0 seconds
Singles model
mean edges/level: 46     max edges/level: 77
mean edges/node:  1.193  mean count/edge: 11

Window=1 Iteration=37
Time for building model:         0 seconds
Time for sampling (singles):     0 seconds
Singles model
mean edges/level: 49     max edges/level: 78
mean edges/node:  1.164  mean count/edge: 10

Window=1 Iteration=38
Time for building model:         0 seconds
Time for sampling (singles):     0 seconds
Singles model
mean edges/level: 45     max edges/level: 79
mean edges/node:  1.203  mean count/edge: 11

Window=1 Iteration=39
Time for building model:         0 seconds
Time for sampling (singles):     0 seconds
Singles model
mean edges/level: 46     max edges/level: 73
mean edges/node:  1.172  mean count/edge: 11

Window=1 Iteration=40
Time for building model:         0 seconds
Time for sampling (singles):     0 seconds
Singles model
mean edges/level: 45     max edges/level: 78
mean edges/node:  1.195  mean count/edge: 11

Number of markers:             77
Total time for building model: 1 second
Total time for sampling:       2 seconds
Total run time:                4 seconds

End time: 03:23 PM CEST on 23 Apr 2026
beagle.jar (r1399) finished
