beagle.jar (r1399)
Copyright (C) 2014 Brian L. Browning
Enter "java -jar beagle.jar" for a summary of command line arguments.
Start time: 03:23 PM CEST on 23 Apr 2026

Command line: java -Xmx7900m -jar beagle.jar
  gt=Data/Sim_NoGE/SNP_4_NoGE_QC_ACformat.vcf
  out=Outputs/Beagle_phasing/SNP_4_NoGE_PHASED_noPedigree_chr11
  phase-its=20
  impute-its=20
  burnin-its=20
  chrom=11

reference samples: 0
target samples:    256
  singles: 256
  duos:    0
  trios:   0

Window 1 [ 11:8-3153 ]
target markers:    58

Starting burn-in iterations

Window=1 Iteration=1
Time for building model:         0 seconds
Time for sampling (singles):     0 seconds
Singles model
mean edges/level: 9      max edges/level: 14
mean edges/node:  1.933  mean count/edge: 57

Window=1 Iteration=2
Time for building model:         0 seconds
Time for sampling (singles):     0 seconds
Singles model
mean edges/level: 13     max edges/level: 20
mean edges/node:  1.861  mean count/edge: 39

Window=1 Iteration=3
Time for building model:         0 seconds
Time for sampling (singles):     0 seconds
Singles model
mean edges/level: 16     max edges/level: 27
mean edges/node:  1.749  mean count/edge: 32

Window=1 Iteration=4
Time for building model:         0 seconds
Time for sampling (singles):     0 seconds
Singles model
mean edges/level: 19     max edges/level: 33
mean edges/node:  1.652  mean count/edge: 27

Window=1 Iteration=5
Time for building model:         0 seconds
Time for sampling (singles):     0 seconds
Singles model
mean edges/level: 22     max edges/level: 33
mean edges/node:  1.552  mean count/edge: 23

Window=1 Iteration=6
Time for building model:         0 seconds
Time for sampling (singles):     0 seconds
Singles model
mean edges/level: 26     max edges/level: 39
mean edges/node:  1.487  mean count/edge: 20

Window=1 Iteration=7
Time for building model:         0 seconds
Time for sampling (singles):     0 seconds
Singles model
mean edges/level: 28     max edges/level: 44
mean edges/node:  1.495  mean count/edge: 18

Window=1 Iteration=8
Time for building model:         0 seconds
Time for sampling (singles):     0 seconds
Singles model
mean edges/level: 31     max edges/level: 51
mean edges/node:  1.413  mean count/edge: 17

Window=1 Iteration=9
Time for building model:         0 seconds
Time for sampling (singles):     0 seconds
Singles model
mean edges/level: 33     max edges/level: 52
mean edges/node:  1.396  mean count/edge: 16

Window=1 Iteration=10
Time for building model:         0 seconds
Time for sampling (singles):     0 seconds
Singles model
mean edges/level: 36     max edges/level: 66
mean edges/node:  1.351  mean count/edge: 14

Window=1 Iteration=11
Time for building model:         0 seconds
Time for sampling (singles):     0 seconds
Singles model
mean edges/level: 35     max edges/level: 63
mean edges/node:  1.371  mean count/edge: 15

Window=1 Iteration=12
Time for building model:         0 seconds
Time for sampling (singles):     0 seconds
Singles model
mean edges/level: 37     max edges/level: 69
mean edges/node:  1.324  mean count/edge: 14

Window=1 Iteration=13
Time for building model:         0 seconds
Time for sampling (singles):     0 seconds
Singles model
mean edges/level: 37     max edges/level: 67
mean edges/node:  1.328  mean count/edge: 14

Window=1 Iteration=14
Time for building model:         0 seconds
Time for sampling (singles):     0 seconds
Singles model
mean edges/level: 39     max edges/level: 66
mean edges/node:  1.318  mean count/edge: 13

Window=1 Iteration=15
Time for building model:         0 seconds
Time for sampling (singles):     0 seconds
Singles model
mean edges/level: 38     max edges/level: 63
mean edges/node:  1.308  mean count/edge: 13

Window=1 Iteration=16
Time for building model:         0 seconds
Time for sampling (singles):     0 seconds
Singles model
mean edges/level: 40     max edges/level: 72
mean edges/node:  1.298  mean count/edge: 13

Window=1 Iteration=17
Time for building model:         0 seconds
Time for sampling (singles):     0 seconds
Singles model
mean edges/level: 37     max edges/level: 63
mean edges/node:  1.322  mean count/edge: 14

Window=1 Iteration=18
Time for building model:         0 seconds
Time for sampling (singles):     0 seconds
Singles model
mean edges/level: 39     max edges/level: 73
mean edges/node:  1.292  mean count/edge: 13

Window=1 Iteration=19
Time for building model:         0 seconds
Time for sampling (singles):     0 seconds
Singles model
mean edges/level: 36     max edges/level: 59
mean edges/node:  1.313  mean count/edge: 14

Window=1 Iteration=20
Time for building model:         0 seconds
Time for sampling (singles):     0 seconds
Singles model
mean edges/level: 37     max edges/level: 64
mean edges/node:  1.323  mean count/edge: 14

Starting phasing iterations

Window=1 Iteration=21
Time for building model:         0 seconds
Time for sampling (singles):     0 seconds
Singles model
mean edges/level: 38     max edges/level: 65
mean edges/node:  1.313  mean count/edge: 13

Window=1 Iteration=22
Time for building model:         0 seconds
Time for sampling (singles):     0 seconds
Singles model
mean edges/level: 38     max edges/level: 67
mean edges/node:  1.286  mean count/edge: 13

Window=1 Iteration=23
Time for building model:         0 seconds
Time for sampling (singles):     0 seconds
Singles model
mean edges/level: 39     max edges/level: 67
mean edges/node:  1.286  mean count/edge: 13

Window=1 Iteration=24
Time for building model:         0 seconds
Time for sampling (singles):     0 seconds
Singles model
mean edges/level: 39     max edges/level: 71
mean edges/node:  1.286  mean count/edge: 13

Window=1 Iteration=25
Time for building model:         0 seconds
Time for sampling (singles):     0 seconds
Singles model
mean edges/level: 39     max edges/level: 67
mean edges/node:  1.295  mean count/edge: 13

Window=1 Iteration=26
Time for building model:         0 seconds
Time for sampling (singles):     0 seconds
Singles model
mean edges/level: 39     max edges/level: 71
mean edges/node:  1.255  mean count/edge: 13

Window=1 Iteration=27
Time for building model:         0 seconds
Time for sampling (singles):     0 seconds
Singles model
mean edges/level: 41     max edges/level: 66
mean edges/node:  1.264  mean count/edge: 12

Window=1 Iteration=28
Time for building model:         0 seconds
Time for sampling (singles):     0 seconds
Singles model
mean edges/level: 42     max edges/level: 81
mean edges/node:  1.282  mean count/edge: 12

Window=1 Iteration=29
Time for building model:         0 seconds
Time for sampling (singles):     0 seconds
Singles model
mean edges/level: 41     max edges/level: 73
mean edges/node:  1.262  mean count/edge: 12

Window=1 Iteration=30
Time for building model:         0 seconds
Time for sampling (singles):     0 seconds
Singles model
mean edges/level: 41     max edges/level: 71
mean edges/node:  1.267  mean count/edge: 12

Window=1 Iteration=31
Time for building model:         0 seconds
Time for sampling (singles):     0 seconds
Singles model
mean edges/level: 42     max edges/level: 67
mean edges/node:  1.277  mean count/edge: 12

Window=1 Iteration=32
Time for building model:         0 seconds
Time for sampling (singles):     0 seconds
Singles model
mean edges/level: 42     max edges/level: 75
mean edges/node:  1.253  mean count/edge: 12

Window=1 Iteration=33
Time for building model:         0 seconds
Time for sampling (singles):     0 seconds
Singles model
mean edges/level: 42     max edges/level: 72
mean edges/node:  1.263  mean count/edge: 12

Window=1 Iteration=34
Time for building model:         0 seconds
Time for sampling (singles):     0 seconds
Singles model
mean edges/level: 42     max edges/level: 77
mean edges/node:  1.269  mean count/edge: 12

Window=1 Iteration=35
Time for building model:         0 seconds
Time for sampling (singles):     0 seconds
Singles model
mean edges/level: 42     max edges/level: 71
mean edges/node:  1.264  mean count/edge: 12

Window=1 Iteration=36
Time for building model:         0 seconds
Time for sampling (singles):     0 seconds
Singles model
mean edges/level: 40     max edges/level: 70
mean edges/node:  1.270  mean count/edge: 13

Window=1 Iteration=37
Time for building model:         0 seconds
Time for sampling (singles):     0 seconds
Singles model
mean edges/level: 40     max edges/level: 66
mean edges/node:  1.263  mean count/edge: 13

Window=1 Iteration=38
Time for building model:         0 seconds
Time for sampling (singles):     0 seconds
Singles model
mean edges/level: 42     max edges/level: 76
mean edges/node:  1.265  mean count/edge: 12

Window=1 Iteration=39
Time for building model:         0 seconds
Time for sampling (singles):     0 seconds
Singles model
mean edges/level: 42     max edges/level: 73
mean edges/node:  1.262  mean count/edge: 12

Window=1 Iteration=40
Time for building model:         0 seconds
Time for sampling (singles):     0 seconds
Singles model
mean edges/level: 39     max edges/level: 69
mean edges/node:  1.283  mean count/edge: 13

Number of markers:             58
Total time for building model: 1 second
Total time for sampling:       2 seconds
Total run time:                3 seconds

End time: 03:23 PM CEST on 23 Apr 2026
beagle.jar (r1399) finished
