beagle.jar (r1399)
Copyright (C) 2014 Brian L. Browning
Enter "java -jar beagle.jar" for a summary of command line arguments.
Start time: 03:23 PM CEST on 23 Apr 2026

Command line: java -Xmx7900m -jar beagle.jar
  gt=Data/Sim_WithGE/SNP_4_WithGE_QC_ACformat.vcf
  out=Outputs/Beagle_phasing/SNP_4_WithGE_PHASED_noPedigree_chr10
  phase-its=20
  impute-its=20
  burnin-its=20
  chrom=10

reference samples: 0
target samples:    256
  singles: 256
  duos:    0
  trios:   0

Window 1 [ 10:6-3113 ]
target markers:    62

Starting burn-in iterations

Window=1 Iteration=1
Time for building model:         0 seconds
Time for sampling (singles):     0 seconds
Singles model
mean edges/level: 9      max edges/level: 14
mean edges/node:  1.942  mean count/edge: 57

Window=1 Iteration=2
Time for building model:         0 seconds
Time for sampling (singles):     0 seconds
Singles model
mean edges/level: 13     max edges/level: 22
mean edges/node:  1.874  mean count/edge: 39

Window=1 Iteration=3
Time for building model:         0 seconds
Time for sampling (singles):     0 seconds
Singles model
mean edges/level: 16     max edges/level: 26
mean edges/node:  1.779  mean count/edge: 32

Window=1 Iteration=4
Time for building model:         0 seconds
Time for sampling (singles):     0 seconds
Singles model
mean edges/level: 22     max edges/level: 39
mean edges/node:  1.645  mean count/edge: 23

Window=1 Iteration=5
Time for building model:         0 seconds
Time for sampling (singles):     0 seconds
Singles model
mean edges/level: 30     max edges/level: 53
mean edges/node:  1.527  mean count/edge: 17

Window=1 Iteration=6
Time for building model:         0 seconds
Time for sampling (singles):     0 seconds
Singles model
mean edges/level: 32     max edges/level: 52
mean edges/node:  1.430  mean count/edge: 16

Window=1 Iteration=7
Time for building model:         0 seconds
Time for sampling (singles):     0 seconds
Singles model
mean edges/level: 35     max edges/level: 59
mean edges/node:  1.372  mean count/edge: 15

Window=1 Iteration=8
Time for building model:         0 seconds
Time for sampling (singles):     0 seconds
Singles model
mean edges/level: 35     max edges/level: 67
mean edges/node:  1.330  mean count/edge: 15

Window=1 Iteration=9
Time for building model:         0 seconds
Time for sampling (singles):     0 seconds
Singles model
mean edges/level: 40     max edges/level: 68
mean edges/node:  1.293  mean count/edge: 13

Window=1 Iteration=10
Time for building model:         0 seconds
Time for sampling (singles):     0 seconds
Singles model
mean edges/level: 41     max edges/level: 71
mean edges/node:  1.283  mean count/edge: 12

Window=1 Iteration=11
Time for building model:         0 seconds
Time for sampling (singles):     0 seconds
Singles model
mean edges/level: 43     max edges/level: 75
mean edges/node:  1.259  mean count/edge: 12

Window=1 Iteration=12
Time for building model:         0 seconds
Time for sampling (singles):     0 seconds
Singles model
mean edges/level: 42     max edges/level: 80
mean edges/node:  1.270  mean count/edge: 12

Window=1 Iteration=13
Time for building model:         0 seconds
Time for sampling (singles):     0 seconds
Singles model
mean edges/level: 44     max edges/level: 80
mean edges/node:  1.248  mean count/edge: 12

Window=1 Iteration=14
Time for building model:         0 seconds
Time for sampling (singles):     0 seconds
Singles model
mean edges/level: 42     max edges/level: 76
mean edges/node:  1.267  mean count/edge: 12

Window=1 Iteration=15
Time for building model:         0 seconds
Time for sampling (singles):     0 seconds
Singles model
mean edges/level: 44     max edges/level: 75
mean edges/node:  1.246  mean count/edge: 12

Window=1 Iteration=16
Time for building model:         0 seconds
Time for sampling (singles):     0 seconds
Singles model
mean edges/level: 43     max edges/level: 77
mean edges/node:  1.251  mean count/edge: 12

Window=1 Iteration=17
Time for building model:         0 seconds
Time for sampling (singles):     0 seconds
Singles model
mean edges/level: 45     max edges/level: 77
mean edges/node:  1.243  mean count/edge: 11

Window=1 Iteration=18
Time for building model:         0 seconds
Time for sampling (singles):     0 seconds
Singles model
mean edges/level: 42     max edges/level: 77
mean edges/node:  1.258  mean count/edge: 12

Window=1 Iteration=19
Time for building model:         0 seconds
Time for sampling (singles):     0 seconds
Singles model
mean edges/level: 44     max edges/level: 77
mean edges/node:  1.240  mean count/edge: 12

Window=1 Iteration=20
Time for building model:         0 seconds
Time for sampling (singles):     0 seconds
Singles model
mean edges/level: 40     max edges/level: 71
mean edges/node:  1.268  mean count/edge: 13

Starting phasing iterations

Window=1 Iteration=21
Time for building model:         0 seconds
Time for sampling (singles):     0 seconds
Singles model
mean edges/level: 44     max edges/level: 78
mean edges/node:  1.242  mean count/edge: 12

Window=1 Iteration=22
Time for building model:         0 seconds
Time for sampling (singles):     0 seconds
Singles model
mean edges/level: 42     max edges/level: 75
mean edges/node:  1.255  mean count/edge: 12

Window=1 Iteration=23
Time for building model:         0 seconds
Time for sampling (singles):     0 seconds
Singles model
mean edges/level: 42     max edges/level: 77
mean edges/node:  1.253  mean count/edge: 12

Window=1 Iteration=24
Time for building model:         0 seconds
Time for sampling (singles):     0 seconds
Singles model
mean edges/level: 40     max edges/level: 68
mean edges/node:  1.281  mean count/edge: 13

Window=1 Iteration=25
Time for building model:         0 seconds
Time for sampling (singles):     0 seconds
Singles model
mean edges/level: 44     max edges/level: 79
mean edges/node:  1.237  mean count/edge: 12

Window=1 Iteration=26
Time for building model:         0 seconds
Time for sampling (singles):     0 seconds
Singles model
mean edges/level: 41     max edges/level: 75
mean edges/node:  1.253  mean count/edge: 12

Window=1 Iteration=27
Time for building model:         0 seconds
Time for sampling (singles):     0 seconds
Singles model
mean edges/level: 41     max edges/level: 73
mean edges/node:  1.235  mean count/edge: 12

Window=1 Iteration=28
Time for building model:         0 seconds
Time for sampling (singles):     0 seconds
Singles model
mean edges/level: 44     max edges/level: 80
mean edges/node:  1.234  mean count/edge: 12

Window=1 Iteration=29
Time for building model:         0 seconds
Time for sampling (singles):     0 seconds
Singles model
mean edges/level: 44     max edges/level: 80
mean edges/node:  1.235  mean count/edge: 12

Window=1 Iteration=30
Time for building model:         0 seconds
Time for sampling (singles):     0 seconds
Singles model
mean edges/level: 43     max edges/level: 77
mean edges/node:  1.231  mean count/edge: 12

Window=1 Iteration=31
Time for building model:         0 seconds
Time for sampling (singles):     0 seconds
Singles model
mean edges/level: 44     max edges/level: 80
mean edges/node:  1.224  mean count/edge: 12

Window=1 Iteration=32
Time for building model:         0 seconds
Time for sampling (singles):     0 seconds
Singles model
mean edges/level: 42     max edges/level: 73
mean edges/node:  1.238  mean count/edge: 12

Window=1 Iteration=33
Time for building model:         0 seconds
Time for sampling (singles):     0 seconds
Singles model
mean edges/level: 44     max edges/level: 78
mean edges/node:  1.228  mean count/edge: 12

Window=1 Iteration=34
Time for building model:         0 seconds
Time for sampling (singles):     0 seconds
Singles model
mean edges/level: 42     max edges/level: 75
mean edges/node:  1.242  mean count/edge: 12

Window=1 Iteration=35
Time for building model:         0 seconds
Time for sampling (singles):     0 seconds
Singles model
mean edges/level: 44     max edges/level: 77
mean edges/node:  1.213  mean count/edge: 12

Window=1 Iteration=36
Time for building model:         0 seconds
Time for sampling (singles):     0 seconds
Singles model
mean edges/level: 45     max edges/level: 81
mean edges/node:  1.223  mean count/edge: 11

Window=1 Iteration=37
Time for building model:         0 seconds
Time for sampling (singles):     0 seconds
Singles model
mean edges/level: 45     max edges/level: 77
mean edges/node:  1.226  mean count/edge: 11

Window=1 Iteration=38
Time for building model:         0 seconds
Time for sampling (singles):     0 seconds
Singles model
mean edges/level: 41     max edges/level: 71
mean edges/node:  1.238  mean count/edge: 12

Window=1 Iteration=39
Time for building model:         0 seconds
Time for sampling (singles):     0 seconds
Singles model
mean edges/level: 45     max edges/level: 77
mean edges/node:  1.213  mean count/edge: 11

Window=1 Iteration=40
Time for building model:         0 seconds
Time for sampling (singles):     0 seconds
Singles model
mean edges/level: 43     max edges/level: 76
mean edges/node:  1.244  mean count/edge: 12

Number of markers:             62
Total time for building model: 1 second
Total time for sampling:       2 seconds
Total run time:                3 seconds

End time: 03:23 PM CEST on 23 Apr 2026
beagle.jar (r1399) finished
