beagle.jar (r1399)
Copyright (C) 2014 Brian L. Browning
Enter "java -jar beagle.jar" for a summary of command line arguments.
Start time: 03:24 PM CEST on 23 Apr 2026

Command line: java -Xmx7900m -jar beagle.jar
  gt=Data/Sim_WithGE/SNP_4_WithGE_QC_ACformat.vcf
  out=Outputs/Beagle_phasing/SNP_4_WithGE_PHASED_noPedigree_chr16
  phase-its=20
  impute-its=20
  burnin-its=20
  chrom=16

reference samples: 0
target samples:    256
  singles: 256
  duos:    0
  trios:   0

Window 1 [ 16:57-3173 ]
target markers:    74

Starting burn-in iterations

Window=1 Iteration=1
Time for building model:         0 seconds
Time for sampling (singles):     0 seconds
Singles model
mean edges/level: 10     max edges/level: 18
mean edges/node:  1.929  mean count/edge: 51

Window=1 Iteration=2
Time for building model:         0 seconds
Time for sampling (singles):     0 seconds
Singles model
mean edges/level: 13     max edges/level: 19
mean edges/node:  1.887  mean count/edge: 39

Window=1 Iteration=3
Time for building model:         0 seconds
Time for sampling (singles):     0 seconds
Singles model
mean edges/level: 17     max edges/level: 34
mean edges/node:  1.730  mean count/edge: 30

Window=1 Iteration=4
Time for building model:         0 seconds
Time for sampling (singles):     0 seconds
Singles model
mean edges/level: 23     max edges/level: 38
mean edges/node:  1.579  mean count/edge: 22

Window=1 Iteration=5
Time for building model:         0 seconds
Time for sampling (singles):     0 seconds
Singles model
mean edges/level: 28     max edges/level: 47
mean edges/node:  1.458  mean count/edge: 18

Window=1 Iteration=6
Time for building model:         0 seconds
Time for sampling (singles):     0 seconds
Singles model
mean edges/level: 31     max edges/level: 57
mean edges/node:  1.414  mean count/edge: 17

Window=1 Iteration=7
Time for building model:         0 seconds
Time for sampling (singles):     0 seconds
Singles model
mean edges/level: 34     max edges/level: 67
mean edges/node:  1.336  mean count/edge: 15

Window=1 Iteration=8
Time for building model:         0 seconds
Time for sampling (singles):     0 seconds
Singles model
mean edges/level: 36     max edges/level: 69
mean edges/node:  1.290  mean count/edge: 14

Window=1 Iteration=9
Time for building model:         0 seconds
Time for sampling (singles):     0 seconds
Singles model
mean edges/level: 40     max edges/level: 76
mean edges/node:  1.253  mean count/edge: 13

Window=1 Iteration=10
Time for building model:         0 seconds
Time for sampling (singles):     0 seconds
Singles model
mean edges/level: 41     max edges/level: 82
mean edges/node:  1.231  mean count/edge: 12

Window=1 Iteration=11
Time for building model:         0 seconds
Time for sampling (singles):     0 seconds
Singles model
mean edges/level: 41     max edges/level: 75
mean edges/node:  1.228  mean count/edge: 12

Window=1 Iteration=12
Time for building model:         0 seconds
Time for sampling (singles):     0 seconds
Singles model
mean edges/level: 40     max edges/level: 81
mean edges/node:  1.233  mean count/edge: 13

Window=1 Iteration=13
Time for building model:         0 seconds
Time for sampling (singles):     0 seconds
Singles model
mean edges/level: 43     max edges/level: 79
mean edges/node:  1.194  mean count/edge: 12

Window=1 Iteration=14
Time for building model:         0 seconds
Time for sampling (singles):     0 seconds
Singles model
mean edges/level: 43     max edges/level: 82
mean edges/node:  1.208  mean count/edge: 12

Window=1 Iteration=15
Time for building model:         0 seconds
Time for sampling (singles):     0 seconds
Singles model
mean edges/level: 41     max edges/level: 79
mean edges/node:  1.211  mean count/edge: 12

Window=1 Iteration=16
Time for building model:         0 seconds
Time for sampling (singles):     0 seconds
Singles model
mean edges/level: 43     max edges/level: 80
mean edges/node:  1.205  mean count/edge: 12

Window=1 Iteration=17
Time for building model:         0 seconds
Time for sampling (singles):     0 seconds
Singles model
mean edges/level: 42     max edges/level: 80
mean edges/node:  1.208  mean count/edge: 12

Window=1 Iteration=18
Time for building model:         0 seconds
Time for sampling (singles):     0 seconds
Singles model
mean edges/level: 42     max edges/level: 79
mean edges/node:  1.203  mean count/edge: 12

Window=1 Iteration=19
Time for building model:         0 seconds
Time for sampling (singles):     0 seconds
Singles model
mean edges/level: 44     max edges/level: 81
mean edges/node:  1.197  mean count/edge: 12

Window=1 Iteration=20
Time for building model:         0 seconds
Time for sampling (singles):     0 seconds
Singles model
mean edges/level: 43     max edges/level: 82
mean edges/node:  1.204  mean count/edge: 12

Starting phasing iterations

Window=1 Iteration=21
Time for building model:         0 seconds
Time for sampling (singles):     0 seconds
Singles model
mean edges/level: 43     max edges/level: 82
mean edges/node:  1.194  mean count/edge: 12

Window=1 Iteration=22
Time for building model:         0 seconds
Time for sampling (singles):     0 seconds
Singles model
mean edges/level: 43     max edges/level: 80
mean edges/node:  1.198  mean count/edge: 12

Window=1 Iteration=23
Time for building model:         0 seconds
Time for sampling (singles):     0 seconds
Singles model
mean edges/level: 41     max edges/level: 75
mean edges/node:  1.213  mean count/edge: 12

Window=1 Iteration=24
Time for building model:         0 seconds
Time for sampling (singles):     0 seconds
Singles model
mean edges/level: 43     max edges/level: 82
mean edges/node:  1.205  mean count/edge: 12

Window=1 Iteration=25
Time for building model:         0 seconds
Time for sampling (singles):     0 seconds
Singles model
mean edges/level: 42     max edges/level: 74
mean edges/node:  1.209  mean count/edge: 12

Window=1 Iteration=26
Time for building model:         0 seconds
Time for sampling (singles):     0 seconds
Singles model
mean edges/level: 41     max edges/level: 77
mean edges/node:  1.217  mean count/edge: 12

Window=1 Iteration=27
Time for building model:         0 seconds
Time for sampling (singles):     0 seconds
Singles model
mean edges/level: 42     max edges/level: 81
mean edges/node:  1.208  mean count/edge: 12

Window=1 Iteration=28
Time for building model:         0 seconds
Time for sampling (singles):     0 seconds
Singles model
mean edges/level: 43     max edges/level: 81
mean edges/node:  1.204  mean count/edge: 12

Window=1 Iteration=29
Time for building model:         0 seconds
Time for sampling (singles):     0 seconds
Singles model
mean edges/level: 42     max edges/level: 76
mean edges/node:  1.202  mean count/edge: 12

Window=1 Iteration=30
Time for building model:         0 seconds
Time for sampling (singles):     0 seconds
Singles model
mean edges/level: 43     max edges/level: 85
mean edges/node:  1.210  mean count/edge: 12

Window=1 Iteration=31
Time for building model:         0 seconds
Time for sampling (singles):     0 seconds
Singles model
mean edges/level: 44     max edges/level: 80
mean edges/node:  1.194  mean count/edge: 12

Window=1 Iteration=32
Time for building model:         0 seconds
Time for sampling (singles):     0 seconds
Singles model
mean edges/level: 43     max edges/level: 79
mean edges/node:  1.202  mean count/edge: 12

Window=1 Iteration=33
Time for building model:         0 seconds
Time for sampling (singles):     0 seconds
Singles model
mean edges/level: 44     max edges/level: 81
mean edges/node:  1.188  mean count/edge: 12

Window=1 Iteration=34
Time for building model:         0 seconds
Time for sampling (singles):     0 seconds
Singles model
mean edges/level: 43     max edges/level: 87
mean edges/node:  1.194  mean count/edge: 12

Window=1 Iteration=35
Time for building model:         0 seconds
Time for sampling (singles):     0 seconds
Singles model
mean edges/level: 43     max edges/level: 83
mean edges/node:  1.193  mean count/edge: 12

Window=1 Iteration=36
Time for building model:         0 seconds
Time for sampling (singles):     0 seconds
Singles model
mean edges/level: 43     max edges/level: 81
mean edges/node:  1.194  mean count/edge: 12

Window=1 Iteration=37
Time for building model:         0 seconds
Time for sampling (singles):     0 seconds
Singles model
mean edges/level: 42     max edges/level: 79
mean edges/node:  1.195  mean count/edge: 12

Window=1 Iteration=38
Time for building model:         0 seconds
Time for sampling (singles):     0 seconds
Singles model
mean edges/level: 42     max edges/level: 83
mean edges/node:  1.211  mean count/edge: 12

Window=1 Iteration=39
Time for building model:         0 seconds
Time for sampling (singles):     0 seconds
Singles model
mean edges/level: 42     max edges/level: 77
mean edges/node:  1.211  mean count/edge: 12

Window=1 Iteration=40
Time for building model:         0 seconds
Time for sampling (singles):     0 seconds
Singles model
mean edges/level: 42     max edges/level: 81
mean edges/node:  1.211  mean count/edge: 12

Number of markers:             74
Total time for building model: 1 second
Total time for sampling:       2 seconds
Total run time:                4 seconds

End time: 03:24 PM CEST on 23 Apr 2026
beagle.jar (r1399) finished
