beagle.jar (r1399)
Copyright (C) 2014 Brian L. Browning
Enter "java -jar beagle.jar" for a summary of command line arguments.
Start time: 03:56 PM CEST on 23 Apr 2026

Command line: java -Xmx7900m -jar beagle.jar
  gt=Data/Sim_NoGE/SNP_4_NoGE_QC_ACformat.vcf
  ped=Outputs/AlphaAssign/Alpha_pedigree_2k_NoGE_Beagle.txt
  out=Outputs/Beagle_phasing/SNP_4_NoGE_PHASED_pedigree_chr16
  phase-its=20
  impute-its=20
  burnin-its=20
  chrom=16

reference samples: 0
target samples:    256
  singles: 4
  duos:    72
  trios:   168

Window 1 [ 16:57-3173 ]
target markers:    74

Starting burn-in iterations

Window=1 Iteration=1
Time for building model:         0 seconds
Time for sampling (singles):     0 seconds
Time for sampling (duos):        0 seconds
Time for sampling (trios):       0 seconds
Singles model
mean edges/level: 7      max edges/level: 10
mean edges/node:  1.871  mean count/edge: 15
Duos model
mean edges/level: 6      max edges/level: 10
mean edges/node:  1.872  mean count/edge: 18
Trios model
mean edges/level: 6      max edges/level: 10
mean edges/node:  1.872  mean count/edge: 18

Window=1 Iteration=2
Time for building model:         0 seconds
Time for sampling (singles):     0 seconds
Time for sampling (duos):        0 seconds
Time for sampling (trios):       0 seconds
Singles model
mean edges/level: 12     max edges/level: 21
mean edges/node:  1.695  mean count/edge: 9
Duos model
mean edges/level: 7      max edges/level: 12
mean edges/node:  1.859  mean count/edge: 15
Trios model
mean edges/level: 7      max edges/level: 12
mean edges/node:  1.859  mean count/edge: 15

Window=1 Iteration=3
Time for building model:         0 seconds
Time for sampling (singles):     0 seconds
Time for sampling (duos):        0 seconds
Time for sampling (trios):       0 seconds
Singles model
mean edges/level: 11     max edges/level: 19
mean edges/node:  1.549  mean count/edge: 10
Duos model
mean edges/level: 8      max edges/level: 13
mean edges/node:  1.594  mean count/edge: 14
Trios model
mean edges/level: 8      max edges/level: 13
mean edges/node:  1.594  mean count/edge: 14

Window=1 Iteration=4
Time for building model:         0 seconds
Time for sampling (singles):     0 seconds
Time for sampling (duos):        0 seconds
Time for sampling (trios):       0 seconds
Singles model
mean edges/level: 13     max edges/level: 23
mean edges/node:  1.506  mean count/edge: 8
Duos model
mean edges/level: 9      max edges/level: 15
mean edges/node:  1.573  mean count/edge: 12
Trios model
mean edges/level: 9      max edges/level: 15
mean edges/node:  1.573  mean count/edge: 12

Window=1 Iteration=5
Time for building model:         0 seconds
Time for sampling (singles):     0 seconds
Time for sampling (duos):        0 seconds
Time for sampling (trios):       0 seconds
Singles model
mean edges/level: 12     max edges/level: 20
mean edges/node:  1.483  mean count/edge: 9
Duos model
mean edges/level: 9      max edges/level: 17
mean edges/node:  1.525  mean count/edge: 12
Trios model
mean edges/level: 9      max edges/level: 17
mean edges/node:  1.525  mean count/edge: 12

Window=1 Iteration=6
Time for building model:         0 seconds
Time for sampling (singles):     0 seconds
Time for sampling (duos):        0 seconds
Time for sampling (trios):       0 seconds
Singles model
mean edges/level: 13     max edges/level: 20
mean edges/node:  1.499  mean count/edge: 8
Duos model
mean edges/level: 9      max edges/level: 18
mean edges/node:  1.609  mean count/edge: 12
Trios model
mean edges/level: 9      max edges/level: 18
mean edges/node:  1.609  mean count/edge: 12

Window=1 Iteration=7
Time for building model:         0 seconds
Time for sampling (singles):     0 seconds
Time for sampling (duos):        0 seconds
Time for sampling (trios):       0 seconds
Singles model
mean edges/level: 12     max edges/level: 20
mean edges/node:  1.472  mean count/edge: 9
Duos model
mean edges/level: 9      max edges/level: 15
mean edges/node:  1.515  mean count/edge: 12
Trios model
mean edges/level: 9      max edges/level: 15
mean edges/node:  1.515  mean count/edge: 12

Window=1 Iteration=8
Time for building model:         0 seconds
Time for sampling (singles):     0 seconds
Time for sampling (duos):        0 seconds
Time for sampling (trios):       0 seconds
Singles model
mean edges/level: 13     max edges/level: 23
mean edges/node:  1.467  mean count/edge: 8
Duos model
mean edges/level: 10     max edges/level: 18
mean edges/node:  1.583  mean count/edge: 11
Trios model
mean edges/level: 10     max edges/level: 18
mean edges/node:  1.583  mean count/edge: 11

Window=1 Iteration=9
Time for building model:         0 seconds
Time for sampling (singles):     0 seconds
Time for sampling (duos):        0 seconds
Time for sampling (trios):       0 seconds
Singles model
mean edges/level: 13     max edges/level: 24
mean edges/node:  1.451  mean count/edge: 8
Duos model
mean edges/level: 9      max edges/level: 16
mean edges/node:  1.522  mean count/edge: 12
Trios model
mean edges/level: 9      max edges/level: 16
mean edges/node:  1.522  mean count/edge: 12

Window=1 Iteration=10
Time for building model:         0 seconds
Time for sampling (singles):     0 seconds
Time for sampling (duos):        0 seconds
Time for sampling (trios):       0 seconds
Singles model
mean edges/level: 13     max edges/level: 22
mean edges/node:  1.479  mean count/edge: 8
Duos model
mean edges/level: 10     max edges/level: 20
mean edges/node:  1.613  mean count/edge: 11
Trios model
mean edges/level: 10     max edges/level: 20
mean edges/node:  1.613  mean count/edge: 11

Window=1 Iteration=11
Time for building model:         0 seconds
Time for sampling (singles):     0 seconds
Time for sampling (duos):        0 seconds
Time for sampling (trios):       0 seconds
Singles model
mean edges/level: 14     max edges/level: 23
mean edges/node:  1.450  mean count/edge: 8
Duos model
mean edges/level: 10     max edges/level: 16
mean edges/node:  1.549  mean count/edge: 11
Trios model
mean edges/level: 10     max edges/level: 16
mean edges/node:  1.549  mean count/edge: 11

Window=1 Iteration=12
Time for building model:         0 seconds
Time for sampling (singles):     0 seconds
Time for sampling (duos):        0 seconds
Time for sampling (trios):       0 seconds
Singles model
mean edges/level: 14     max edges/level: 27
mean edges/node:  1.484  mean count/edge: 8
Duos model
mean edges/level: 10     max edges/level: 20
mean edges/node:  1.578  mean count/edge: 11
Trios model
mean edges/level: 10     max edges/level: 20
mean edges/node:  1.578  mean count/edge: 11

Window=1 Iteration=13
Time for building model:         0 seconds
Time for sampling (singles):     0 seconds
Time for sampling (duos):        0 seconds
Time for sampling (trios):       0 seconds
Singles model
mean edges/level: 14     max edges/level: 23
mean edges/node:  1.406  mean count/edge: 8
Duos model
mean edges/level: 11     max edges/level: 18
mean edges/node:  1.488  mean count/edge: 10
Trios model
mean edges/level: 11     max edges/level: 18
mean edges/node:  1.488  mean count/edge: 10

Window=1 Iteration=14
Time for building model:         0 seconds
Time for sampling (singles):     0 seconds
Time for sampling (duos):        0 seconds
Time for sampling (trios):       0 seconds
Singles model
mean edges/level: 14     max edges/level: 22
mean edges/node:  1.464  mean count/edge: 8
Duos model
mean edges/level: 10     max edges/level: 18
mean edges/node:  1.593  mean count/edge: 11
Trios model
mean edges/level: 10     max edges/level: 18
mean edges/node:  1.593  mean count/edge: 11

Window=1 Iteration=15
Time for building model:         0 seconds
Time for sampling (singles):     0 seconds
Time for sampling (duos):        0 seconds
Time for sampling (trios):       0 seconds
Singles model
mean edges/level: 14     max edges/level: 26
mean edges/node:  1.481  mean count/edge: 8
Duos model
mean edges/level: 10     max edges/level: 18
mean edges/node:  1.494  mean count/edge: 11
Trios model
mean edges/level: 10     max edges/level: 18
mean edges/node:  1.494  mean count/edge: 11

Window=1 Iteration=16
Time for building model:         0 seconds
Time for sampling (singles):     0 seconds
Time for sampling (duos):        0 seconds
Time for sampling (trios):       0 seconds
Singles model
mean edges/level: 14     max edges/level: 26
mean edges/node:  1.460  mean count/edge: 8
Duos model
mean edges/level: 10     max edges/level: 20
mean edges/node:  1.494  mean count/edge: 11
Trios model
mean edges/level: 10     max edges/level: 20
mean edges/node:  1.494  mean count/edge: 11

Window=1 Iteration=17
Time for building model:         0 seconds
Time for sampling (singles):     0 seconds
Time for sampling (duos):        0 seconds
Time for sampling (trios):       0 seconds
Singles model
mean edges/level: 13     max edges/level: 23
mean edges/node:  1.455  mean count/edge: 8
Duos model
mean edges/level: 10     max edges/level: 16
mean edges/node:  1.520  mean count/edge: 11
Trios model
mean edges/level: 10     max edges/level: 16
mean edges/node:  1.520  mean count/edge: 11

Window=1 Iteration=18
Time for building model:         0 seconds
Time for sampling (singles):     0 seconds
Time for sampling (duos):        0 seconds
Time for sampling (trios):       0 seconds
Singles model
mean edges/level: 14     max edges/level: 26
mean edges/node:  1.472  mean count/edge: 8
Duos model
mean edges/level: 10     max edges/level: 21
mean edges/node:  1.574  mean count/edge: 11
Trios model
mean edges/level: 10     max edges/level: 21
mean edges/node:  1.574  mean count/edge: 11

Window=1 Iteration=19
Time for building model:         0 seconds
Time for sampling (singles):     0 seconds
Time for sampling (duos):        0 seconds
Time for sampling (trios):       0 seconds
Singles model
mean edges/level: 14     max edges/level: 24
mean edges/node:  1.453  mean count/edge: 8
Duos model
mean edges/level: 10     max edges/level: 18
mean edges/node:  1.538  mean count/edge: 11
Trios model
mean edges/level: 10     max edges/level: 18
mean edges/node:  1.538  mean count/edge: 11

Window=1 Iteration=20
Time for building model:         0 seconds
Time for sampling (singles):     0 seconds
Time for sampling (duos):        0 seconds
Time for sampling (trios):       0 seconds
Singles model
mean edges/level: 15     max edges/level: 25
mean edges/node:  1.432  mean count/edge: 7
Duos model
mean edges/level: 10     max edges/level: 19
mean edges/node:  1.526  mean count/edge: 11
Trios model
mean edges/level: 10     max edges/level: 19
mean edges/node:  1.526  mean count/edge: 11

Starting phasing iterations

Window=1 Iteration=21
Time for building model:         0 seconds
Time for sampling (singles):     0 seconds
Time for sampling (duos):        0 seconds
Time for sampling (trios):       0 seconds
Singles model
mean edges/level: 13     max edges/level: 20
mean edges/node:  1.443  mean count/edge: 8
Duos model
mean edges/level: 10     max edges/level: 18
mean edges/node:  1.506  mean count/edge: 11
Trios model
mean edges/level: 10     max edges/level: 18
mean edges/node:  1.506  mean count/edge: 11

Window=1 Iteration=22
Time for building model:         0 seconds
Time for sampling (singles):     0 seconds
Time for sampling (duos):        0 seconds
Time for sampling (trios):       0 seconds
Singles model
mean edges/level: 16     max edges/level: 29
mean edges/node:  1.412  mean count/edge: 7
Duos model
mean edges/level: 11     max edges/level: 19
mean edges/node:  1.468  mean count/edge: 10
Trios model
mean edges/level: 11     max edges/level: 19
mean edges/node:  1.468  mean count/edge: 10

Window=1 Iteration=23
Time for building model:         0 seconds
Time for sampling (singles):     0 seconds
Time for sampling (duos):        0 seconds
Time for sampling (trios):       0 seconds
Singles model
mean edges/level: 15     max edges/level: 23
mean edges/node:  1.465  mean count/edge: 7
Duos model
mean edges/level: 10     max edges/level: 18
mean edges/node:  1.505  mean count/edge: 11
Trios model
mean edges/level: 10     max edges/level: 18
mean edges/node:  1.505  mean count/edge: 11

Window=1 Iteration=24
Time for building model:         0 seconds
Time for sampling (singles):     0 seconds
Time for sampling (duos):        0 seconds
Time for sampling (trios):       0 seconds
Singles model
mean edges/level: 13     max edges/level: 22
mean edges/node:  1.459  mean count/edge: 8
Duos model
mean edges/level: 10     max edges/level: 17
mean edges/node:  1.540  mean count/edge: 11
Trios model
mean edges/level: 10     max edges/level: 17
mean edges/node:  1.540  mean count/edge: 11

Window=1 Iteration=25
Time for building model:         0 seconds
Time for sampling (singles):     0 seconds
Time for sampling (duos):        0 seconds
Time for sampling (trios):       0 seconds
Singles model
mean edges/level: 14     max edges/level: 25
mean edges/node:  1.457  mean count/edge: 8
Duos model
mean edges/level: 10     max edges/level: 17
mean edges/node:  1.459  mean count/edge: 11
Trios model
mean edges/level: 10     max edges/level: 17
mean edges/node:  1.459  mean count/edge: 11

Window=1 Iteration=26
Time for building model:         0 seconds
Time for sampling (singles):     0 seconds
Time for sampling (duos):        0 seconds
Time for sampling (trios):       0 seconds
Singles model
mean edges/level: 13     max edges/level: 24
mean edges/node:  1.478  mean count/edge: 8
Duos model
mean edges/level: 10     max edges/level: 17
mean edges/node:  1.500  mean count/edge: 11
Trios model
mean edges/level: 10     max edges/level: 17
mean edges/node:  1.500  mean count/edge: 11

Window=1 Iteration=27
Time for building model:         0 seconds
Time for sampling (singles):     0 seconds
Time for sampling (duos):        0 seconds
Time for sampling (trios):       0 seconds
Singles model
mean edges/level: 14     max edges/level: 22
mean edges/node:  1.456  mean count/edge: 8
Duos model
mean edges/level: 10     max edges/level: 16
mean edges/node:  1.483  mean count/edge: 11
Trios model
mean edges/level: 10     max edges/level: 16
mean edges/node:  1.483  mean count/edge: 11

Window=1 Iteration=28
Time for building model:         0 seconds
Time for sampling (singles):     0 seconds
Time for sampling (duos):        0 seconds
Time for sampling (trios):       0 seconds
Singles model
mean edges/level: 14     max edges/level: 26
mean edges/node:  1.530  mean count/edge: 8
Duos model
mean edges/level: 10     max edges/level: 18
mean edges/node:  1.598  mean count/edge: 11
Trios model
mean edges/level: 10     max edges/level: 18
mean edges/node:  1.598  mean count/edge: 11

Window=1 Iteration=29
Time for building model:         0 seconds
Time for sampling (singles):     0 seconds
Time for sampling (duos):        0 seconds
Time for sampling (trios):       0 seconds
Singles model
mean edges/level: 13     max edges/level: 22
mean edges/node:  1.453  mean count/edge: 8
Duos model
mean edges/level: 10     max edges/level: 19
mean edges/node:  1.460  mean count/edge: 11
Trios model
mean edges/level: 10     max edges/level: 19
mean edges/node:  1.460  mean count/edge: 11

Window=1 Iteration=30
Time for building model:         0 seconds
Time for sampling (singles):     0 seconds
Time for sampling (duos):        0 seconds
Time for sampling (trios):       0 seconds
Singles model
mean edges/level: 13     max edges/level: 22
mean edges/node:  1.470  mean count/edge: 8
Duos model
mean edges/level: 9      max edges/level: 17
mean edges/node:  1.554  mean count/edge: 12
Trios model
mean edges/level: 9      max edges/level: 17
mean edges/node:  1.554  mean count/edge: 12

Window=1 Iteration=31
Time for building model:         0 seconds
Time for sampling (singles):     0 seconds
Time for sampling (duos):        0 seconds
Time for sampling (trios):       0 seconds
Singles model
mean edges/level: 13     max edges/level: 22
mean edges/node:  1.417  mean count/edge: 8
Duos model
mean edges/level: 10     max edges/level: 17
mean edges/node:  1.480  mean count/edge: 11
Trios model
mean edges/level: 10     max edges/level: 17
mean edges/node:  1.480  mean count/edge: 11

Window=1 Iteration=32
Time for building model:         0 seconds
Time for sampling (singles):     0 seconds
Time for sampling (duos):        0 seconds
Time for sampling (trios):       0 seconds
Singles model
mean edges/level: 14     max edges/level: 23
mean edges/node:  1.470  mean count/edge: 8
Duos model
mean edges/level: 11     max edges/level: 21
mean edges/node:  1.536  mean count/edge: 10
Trios model
mean edges/level: 11     max edges/level: 21
mean edges/node:  1.536  mean count/edge: 10

Window=1 Iteration=33
Time for building model:         0 seconds
Time for sampling (singles):     0 seconds
Time for sampling (duos):        0 seconds
Time for sampling (trios):       0 seconds
Singles model
mean edges/level: 13     max edges/level: 23
mean edges/node:  1.502  mean count/edge: 8
Duos model
mean edges/level: 10     max edges/level: 15
mean edges/node:  1.498  mean count/edge: 11
Trios model
mean edges/level: 10     max edges/level: 15
mean edges/node:  1.498  mean count/edge: 11

Window=1 Iteration=34
Time for building model:         0 seconds
Time for sampling (singles):     0 seconds
Time for sampling (duos):        0 seconds
Time for sampling (trios):       0 seconds
Singles model
mean edges/level: 15     max edges/level: 28
mean edges/node:  1.422  mean count/edge: 7
Duos model
mean edges/level: 11     max edges/level: 21
mean edges/node:  1.498  mean count/edge: 10
Trios model
mean edges/level: 11     max edges/level: 21
mean edges/node:  1.498  mean count/edge: 10

Window=1 Iteration=35
Time for building model:         0 seconds
Time for sampling (singles):     0 seconds
Time for sampling (duos):        0 seconds
Time for sampling (trios):       0 seconds
Singles model
mean edges/level: 13     max edges/level: 24
mean edges/node:  1.420  mean count/edge: 8
Duos model
mean edges/level: 11     max edges/level: 19
mean edges/node:  1.459  mean count/edge: 10
Trios model
mean edges/level: 11     max edges/level: 19
mean edges/node:  1.459  mean count/edge: 10

Window=1 Iteration=36
Time for building model:         0 seconds
Time for sampling (singles):     0 seconds
Time for sampling (duos):        0 seconds
Time for sampling (trios):       0 seconds
Singles model
mean edges/level: 14     max edges/level: 24
mean edges/node:  1.463  mean count/edge: 8
Duos model
mean edges/level: 10     max edges/level: 18
mean edges/node:  1.574  mean count/edge: 11
Trios model
mean edges/level: 10     max edges/level: 18
mean edges/node:  1.574  mean count/edge: 11

Window=1 Iteration=37
Time for building model:         0 seconds
Time for sampling (singles):     0 seconds
Time for sampling (duos):        0 seconds
Time for sampling (trios):       0 seconds
Singles model
mean edges/level: 13     max edges/level: 23
mean edges/node:  1.413  mean count/edge: 8
Duos model
mean edges/level: 10     max edges/level: 17
mean edges/node:  1.476  mean count/edge: 11
Trios model
mean edges/level: 10     max edges/level: 17
mean edges/node:  1.476  mean count/edge: 11

Window=1 Iteration=38
Time for building model:         0 seconds
Time for sampling (singles):     0 seconds
Time for sampling (duos):        0 seconds
Time for sampling (trios):       0 seconds
Singles model
mean edges/level: 13     max edges/level: 21
mean edges/node:  1.444  mean count/edge: 8
Duos model
mean edges/level: 9      max edges/level: 16
mean edges/node:  1.570  mean count/edge: 12
Trios model
mean edges/level: 9      max edges/level: 16
mean edges/node:  1.570  mean count/edge: 12

Window=1 Iteration=39
Time for building model:         0 seconds
Time for sampling (singles):     0 seconds
Time for sampling (duos):        0 seconds
Time for sampling (trios):       0 seconds
Singles model
mean edges/level: 13     max edges/level: 23
mean edges/node:  1.440  mean count/edge: 8
Duos model
mean edges/level: 10     max edges/level: 17
mean edges/node:  1.487  mean count/edge: 11
Trios model
mean edges/level: 10     max edges/level: 17
mean edges/node:  1.487  mean count/edge: 11

Window=1 Iteration=40
Time for building model:         0 seconds
Time for sampling (singles):     0 seconds
Time for sampling (duos):        0 seconds
Time for sampling (trios):       0 seconds
Singles model
mean edges/level: 13     max edges/level: 23
mean edges/node:  1.461  mean count/edge: 8
Duos model
mean edges/level: 11     max edges/level: 18
mean edges/node:  1.523  mean count/edge: 10
Trios model
mean edges/level: 11     max edges/level: 18
mean edges/node:  1.523  mean count/edge: 10
Warnings printed: see Outputs/Beagle_phasing/SNP_4_NoGE_PHASED_pedigree_chr16.warnings file

Number of markers:             74
Total time for building model: 1 second
Total time for sampling:       3 seconds
Total run time:                5 seconds

End time: 03:56 PM CEST on 23 Apr 2026
beagle.jar (r1399) finished
